========================================================
START BUILD ONLY: 2026-01-13 07:10:04
========================================================

[2026-01-13 07:10:04] >>> START BUILD: BGE LARGE - Parameter Sizing
Selected device for SentenceTransformer: cuda
[sentence_s1] Lade Chunks aus Cache...
⚡ Sorting 6178358 chunks (Global Sort)...
✅ Index data/indices/sentence_s1_BAAI_bge-large-en-v1.5 existiert bereits. Skip.
[sentence_s3] Lade Chunks aus Cache...
⚡ Sorting 2060930 chunks (Global Sort)...
✅ Index data/indices/sentence_s3_BAAI_bge-large-en-v1.5 existiert bereits. Skip.
[sentence_s5] Lade Chunks aus Cache...
⚡ Sorting 1237402 chunks (Global Sort)...
✅ Index data/indices/sentence_s5_BAAI_bge-large-en-v1.5 existiert bereits. Skip.
[sentence_s10] Lade Chunks aus Cache...
⚡ Sorting 619821 chunks (Global Sort)...
✅ Index data/indices/sentence_s10_BAAI_bge-large-en-v1.5 existiert bereits. Skip.
[recursive_128_16] Lade Chunks aus Cache...
⚡ Sorting 1767229 chunks (Global Sort)...
✅ Index data/indices/recursive_128_16_BAAI_bge-large-en-v1.5 existiert bereits. Skip.
[recursive_256_32] Lade Chunks aus Cache...
⚡ Sorting 857620 chunks (Global Sort)...
✅ Index data/indices/recursive_256_32_BAAI_bge-large-en-v1.5 existiert bereits. Skip.
[recursive_512_64] Lade Chunks aus Cache...
⚡ Sorting 419888 chunks (Global Sort)...
✅ Index data/indices/recursive_512_64_BAAI_bge-large-en-v1.5 existiert bereits. Skip.
[recursive_1024_128] Lade Chunks aus Cache...
⚡ Sorting 207947 chunks (Global Sort)...
✅ Index data/indices/recursive_1024_128_BAAI_bge-large-en-v1.5 existiert bereits. Skip.
[fixed_128_0] Lade Chunks aus Cache...
⚡ Sorting 1345946 chunks (Global Sort)...
✅ Index data/indices/fixed_128_0_BAAI_bge-large-en-v1.5 existiert bereits. Skip.
[fixed_256_0] Lade Chunks aus Cache...
⚡ Sorting 674041 chunks (Global Sort)...
✅ Index data/indices/fixed_256_0_BAAI_bge-large-en-v1.5 existiert bereits. Skip.
[fixed_512_0] Lade Chunks aus Cache...
⚡ Sorting 338114 chunks (Global Sort)...
✅ Index data/indices/fixed_512_0_BAAI_bge-large-en-v1.5 existiert bereits. Skip.
[fixed_1024_0] Lade Chunks aus Cache...
⚡ Sorting 170156 chunks (Global Sort)...
✅ Index data/indices/fixed_1024_0_BAAI_bge-large-en-v1.5 existiert bereits. Skip.
[fixed_128_16] Lade Chunks aus Cache...
⚡ Sorting 1537314 chunks (Global Sort)...
✅ Index data/indices/fixed_128_16_BAAI_bge-large-en-v1.5 existiert bereits. Skip.
[fixed_256_32] Lade Chunks aus Cache...
⚡ Sorting 769419 chunks (Global Sort)...
✅ Index data/indices/fixed_256_32_BAAI_bge-large-en-v1.5 existiert bereits. Skip.
[fixed_512_64] Lade Chunks aus Cache...
⚡ Sorting 385478 chunks (Global Sort)...
✅ Index data/indices/fixed_512_64_BAAI_bge-large-en-v1.5 existiert bereits. Skip.
[fixed_1024_128] Lade Chunks aus Cache...
⚡ Sorting 193516 chunks (Global Sort)...
✅ Index data/indices/fixed_1024_128_BAAI_bge-large-en-v1.5 existiert bereits. Skip.
--------------------------------------------------------
[2026-01-13 07:12:32] >>> START BUILD: BGE LARGE - Semantic Tuning
Selected device for SentenceTransformer: cuda
[semantic_t0.5] Lade Chunks aus Cache...
⚡ Sorting 3407577 chunks (Global Sort)...
✅ Index data/indices/semantic_t0.5_BAAI_bge-large-en-v1.5 existiert bereits. Skip.
[semantic_t0.8] Lade Chunks aus Cache...
⚡ Sorting 5518555 chunks (Global Sort)...
✅ Index data/indices/semantic_t0.8_BAAI_bge-large-en-v1.5 existiert bereits. Skip.
[semantic_t0.9] Lade Chunks aus Cache...
⚡ Sorting 6200214 chunks (Global Sort)...
✅ Index data/indices/semantic_t0.9_BAAI_bge-large-en-v1.5 existiert bereits. Skip.
[semantic_t0.95] Lade Chunks aus Cache...
⚡ Sorting 6473473 chunks (Global Sort)...
✅ Index data/indices/semantic_t0.95_BAAI_bge-large-en-v1.5 existiert bereits. Skip.
--------------------------------------------------------
[2026-01-13 07:13:28] >>> START BUILD: BGE LARGE - Best Retrival
Selected device for SentenceTransformer: cuda
[recursive_512_64] Lade Chunks aus Cache...
⚡ Sorting 419888 chunks (Global Sort)...
✅ Index data/indices/recursive_512_64_BAAI_bge-large-en-v1.5 existiert bereits. Skip.
[fixed_512_0] Lade Chunks aus Cache...
⚡ Sorting 338114 chunks (Global Sort)...
✅ Index data/indices/fixed_512_0_BAAI_bge-large-en-v1.5 existiert bereits. Skip.
[fixed_512_128] Lade Chunks aus Cache...
⚡ Sorting 448624 chunks (Global Sort)...
✅ Index data/indices/fixed_512_128_BAAI_bge-large-en-v1.5 existiert bereits. Skip.
[sentence_s5] Lade Chunks aus Cache...
⚡ Sorting 1237402 chunks (Global Sort)...
✅ Index data/indices/sentence_s5_BAAI_bge-large-en-v1.5 existiert bereits. Skip.

========================================================
ALLE BUILDS ABGESCHLOSSEN: 2026-01-13 07:14:11
Logdatei gespeichert unter: results/build_only_20260113_071004.log
========================================================
